{
  "stats": {
    "suites": 1,
    "tests": 1,
    "passes": 0,
    "pending": 0,
    "failures": 1,
    "start": "2025-10-19T20:56:28.002Z",
    "end": "2025-10-19T20:56:28.376Z",
    "duration": 374,
    "testsRegistered": 1,
    "passPercent": 0,
    "pendingPercent": 0,
    "other": 0,
    "hasOther": false,
    "skipped": 0,
    "hasSkipped": false
  },
  "results": [
    {
      "uuid": "0199f6d1-3ca6-484b-a997-782030c5f254",
      "title": "",
      "fullFile": "C:\\Users\\JUNIOR\\Downloads\\my-career-closet-code-main (2)\\my-career-closet-code-main\\my-career-closet-code-main\\NewBackend\\api test\\get_request.js",
      "file": "\\get_request.js",
      "beforeHooks": [],
      "afterHooks": [],
      "tests": [],
      "suites": [
        {
          "uuid": "91bb9e27-aebb-4237-8baf-e441ac18e532",
          "title": "POST API Request Tests",
          "fullFile": "C:\\Users\\JUNIOR\\Downloads\\my-career-closet-code-main (2)\\my-career-closet-code-main\\my-career-closet-code-main\\NewBackend\\api test\\get_request.js",
          "file": "\\get_request.js",
          "beforeHooks": [],
          "afterHooks": [],
          "tests": [
            {
              "title": "should be able to pot user list",
              "fullTitle": "POST API Request Tests should be able to pot user list",
              "timedOut": false,
              "duration": 324,
              "state": "failed",
              "speed": null,
              "pass": false,
              "fail": true,
              "pending": false,
              "context": null,
              "code": "const res = await axios.post('http://localhost:3000/cart/',{\n  userId: \"6886844bcbd6896b4090cce3\",\n  itemId: \"68d02c3b4771b352a8117487\",\n  size: 'M',\n  quantity: 1\n});\nconsole.log(res.data);",
              "err": {
                "message": "AxiosError: Request failed with status code 401",
                "estack": "AxiosError: Request failed with status code 401\n    at settle (C:\\Users\\JUNIOR\\Downloads\\my-career-closet-code-main (2)\\my-career-closet-code-main\\my-career-closet-code-main\\NewBackend\\node_modules\\axios\\dist\\node\\axios.cjs:2097:12)\n    at IncomingMessage.handleStreamEnd (C:\\Users\\JUNIOR\\Downloads\\my-career-closet-code-main (2)\\my-career-closet-code-main\\my-career-closet-code-main\\NewBackend\\node_modules\\axios\\dist\\node\\axios.cjs:3305:11)\n    at IncomingMessage.emit (node:events:530:35)\n    at endReadableNT (node:internal/streams/readable:1698:12)\n    at process.processTicksAndRejections (node:internal/process/task_queues:90:21)\n    at Axios.request (C:\\Users\\JUNIOR\\Downloads\\my-career-closet-code-main (2)\\my-career-closet-code-main\\my-career-closet-code-main\\NewBackend\\node_modules\\axios\\dist\\node\\axios.cjs:4483:41)\n    at process.processTicksAndRejections (node:internal/process/task_queues:105:5)\n    at async Context.<anonymous> (get_request.js:6:17)",
                "diff": null
              },
              "uuid": "26374e51-2aa7-4526-b025-eafe79925019",
              "parentUUID": "91bb9e27-aebb-4237-8baf-e441ac18e532",
              "isHook": false,
              "skipped": false
            }
          ],
          "suites": [],
          "passes": [],
          "failures": [
            "26374e51-2aa7-4526-b025-eafe79925019"
          ],
          "pending": [],
          "skipped": [],
          "duration": 324,
          "root": false,
          "rootEmpty": false,
          "_timeout": 2000
        }
      ],
      "passes": [],
      "failures": [],
      "pending": [],
      "skipped": [],
      "duration": 0,
      "root": true,
      "rootEmpty": true,
      "_timeout": 2000
    }
  ],
  "meta": {
    "mocha": {
      "version": "11.7.4"
    },
    "mochawesome": {
      "options": {
        "quiet": false,
        "reportFilename": "mochawesome",
        "saveHtml": true,
        "saveJson": true,
        "consoleReporter": "spec",
        "useInlineDiffs": false,
        "code": true
      },
      "version": "7.1.4"
    },
    "marge": {
      "options": null,
      "version": "6.3.0"
    }
  }
}